<?xml version="1.0" encoding="UTF-8"?>
<coverage generated="1755583990388" clover="3.2.0">
  <project timestamp="1755583990388" name="All files">
    <metrics statements="32" coveredstatements="30" conditionals="39" coveredconditionals="26" methods="13" coveredmethods="13" elements="84" coveredelements="69" complexity="0" loc="32" ncloc="32" packages="1" files="3" classes="3"/>
    <file name="App.js" path="/home/work/Documents/projects/CSPHC-Project/CSPHC/src/App.js">
      <metrics statements="1" coveredstatements="1" conditionals="0" coveredconditionals="0" methods="1" coveredmethods="1"/>
      <line num="5" count="4" type="stmt"/>
    </file>
    <file name="PromptDetail.js" path="/home/work/Documents/projects/CSPHC-Project/CSPHC/src/PromptDetail.js">
      <metrics statements="3" coveredstatements="3" conditionals="2" coveredconditionals="2" methods="1" coveredmethods="1"/>
      <line num="5" count="23" type="cond" truecount="2" falsecount="0"/>
      <line num="6" count="4" type="stmt"/>
      <line num="25" count="4" type="stmt"/>
    </file>
    <file name="PromptList.js" path="/home/work/Documents/projects/CSPHC-Project/CSPHC/src/PromptList.js">
      <metrics statements="28" coveredstatements="26" conditionals="37" coveredconditionals="24" methods="11" coveredmethods="11"/>
      <line num="5" count="20" type="cond" truecount="2" falsecount="0"/>
      <line num="6" count="20" type="stmt"/>
      <line num="7" count="20" type="stmt"/>
      <line num="8" count="20" type="stmt"/>
      <line num="10" count="20" type="stmt"/>
      <line num="11" count="11" type="cond" truecount="2" falsecount="0"/>
      <line num="12" count="3" type="stmt"/>
      <line num="13" count="3" type="stmt"/>
      <line num="14" count="3" type="stmt"/>
      <line num="18" count="20" type="stmt"/>
      <line num="20" count="18" type="cond" truecount="5" falsecount="0"/>
      <line num="25" count="20" type="stmt"/>
      <line num="26" count="3" type="cond" truecount="2" falsecount="0"/>
      <line num="27" count="2" type="cond" truecount="1" falsecount="1"/>
      <line num="28" count="0" type="cond" truecount="0" falsecount="4"/>
      <line num="30" count="2" type="cond" truecount="2" falsecount="0"/>
      <line num="31" count="1" type="cond" truecount="2" falsecount="2"/>
      <line num="33" count="1" type="cond" truecount="1" falsecount="1"/>
      <line num="34" count="1" type="cond" truecount="1" falsecount="1"/>
      <line num="35" count="1" type="cond" truecount="1" falsecount="1"/>
      <line num="36" count="1" type="stmt"/>
      <line num="38" count="0" type="stmt"/>
      <line num="41" count="20" type="stmt"/>
      <line num="48" count="2" type="stmt"/>
      <line num="53" count="2" type="stmt"/>
      <line num="65" count="17" type="cond" truecount="1" falsecount="1"/>
      <line num="70" count="2" type="stmt"/>
      <line num="75" count="2" type="stmt"/>
    </file>
  </project>
</coverage>
