{"/home/work/Documents/projects/CSPHC-Project/CSPHC/src/App.js": {"path":"/home/work/Documents/projects/CSPHC-Project/CSPHC/src/App.js","statementMap":{"0":{"start":{"line":5,"column":2},"end":{"line":11,"column":4}}},"fnMap":{"0":{"name":"App","decl":{"start":{"line":4,"column":9},"end":{"line":4,"column":12}},"loc":{"start":{"line":4,"column":26},"end":{"line":12,"column":1}},"line":4}},"branchMap":{},"s":{"0":4},"f":{"0":4},"b":{},"_coverageSchema":"1a1c01bbd47fc00a2c39e90264f33305004495a9","hash":"968dbbcce87dbe653794aa3082ef142a3c7b9c71"}
,"/home/work/Documents/projects/CSPHC-Project/CSPHC/src/PromptDetail.js": {"path":"/home/work/Documents/projects/CSPHC-Project/CSPHC/src/PromptDetail.js","statementMap":{"0":{"start":{"line":5,"column":2},"end":{"line":5,"column":27}},"1":{"start":{"line":5,"column":15},"end":{"line":5,"column":27}},"2":{"start":{"line":6,"column":2},"end":{"line":22,"column":4}},"3":{"start":{"line":25,"column":0},"end":{"line":28,"column":2}}},"fnMap":{"0":{"name":"PromptDetail","decl":{"start":{"line":4,"column":9},"end":{"line":4,"column":21}},"loc":{"start":{"line":4,"column":43},"end":{"line":23,"column":1}},"line":4}},"branchMap":{"0":{"loc":{"start":{"line":5,"column":2},"end":{"line":5,"column":27}},"type":"if","locations":[{"start":{"line":5,"column":2},"end":{"line":5,"column":27}},{"start":{},"end":{}}],"line":5}},"s":{"0":23,"1":19,"2":4,"3":4},"f":{"0":23},"b":{"0":[19,4]},"_coverageSchema":"1a1c01bbd47fc00a2c39e90264f33305004495a9","hash":"ee80210dcdbf76f9362c54c005d25ee7d119f7af"}
,"/home/work/Documents/projects/CSPHC-Project/CSPHC/src/PromptList.js": {"path":"/home/work/Documents/projects/CSPHC-Project/CSPHC/src/PromptList.js","statementMap":{"0":{"start":{"line":5,"column":32},"end":{"line":5,"column":59}},"1":{"start":{"line":6,"column":46},"end":{"line":6,"column":60}},"2":{"start":{"line":7,"column":30},"end":{"line":7,"column":42}},"3":{"start":{"line":8,"column":30},"end":{"line":8,"column":42}},"4":{"start":{"line":10,"column":2},"end":{"line":16,"column":20}},"5":{"start":{"line":11,"column":4},"end":{"line":15,"column":5}},"6":{"start":{"line":12,"column":6},"end":{"line":14,"column":40}},"7":{"start":{"line":13,"column":21},"end":{"line":13,"column":31}},"8":{"start":{"line":14,"column":22},"end":{"line":14,"column":38}},"9":{"start":{"line":18,"column":26},"end":{"line":23,"column":3}},"10":{"start":{"line":20,"column":6},"end":{"line":22,"column":101}},"11":{"start":{"line":25,"column":24},"end":{"line":39,"column":4}},"12":{"start":{"line":26,"column":4},"end":{"line":26,"column":26}},"13":{"start":{"line":26,"column":17},"end":{"line":26,"column":26}},"14":{"start":{"line":27,"column":4},"end":{"line":29,"column":5}},"15":{"start":{"line":28,"column":6},"end":{"line":28,"column":84}},"16":{"start":{"line":30,"column":4},"end":{"line":32,"column":5}},"17":{"start":{"line":31,"column":6},"end":{"line":31,"column":88}},"18":{"start":{"line":33,"column":4},"end":{"line":37,"column":5}},"19":{"start":{"line":34,"column":20},"end":{"line":34,"column":63}},"20":{"start":{"line":35,"column":20},"end":{"line":35,"column":63}},"21":{"start":{"line":36,"column":6},"end":{"line":36,"column":40}},"22":{"start":{"line":38,"column":4},"end":{"line":38,"column":13}},"23":{"start":{"line":41,"column":2},"end":{"line":77,"column":4}},"24":{"start":{"line":48,"column":23},"end":{"line":48,"column":48}},"25":{"start":{"line":53,"column":58},"end":{"line":53,"column":83}},"26":{"start":{"line":65,"column":12},"end":{"line":71,"column":17}},"27":{"start":{"line":70,"column":37},"end":{"line":70,"column":62}},"28":{"start":{"line":75,"column":59},"end":{"line":75,"column":82}}},"fnMap":{"0":{"name":"PromptList","decl":{"start":{"line":4,"column":9},"end":{"line":4,"column":19}},"loc":{"start":{"line":4,"column":46},"end":{"line":78,"column":1}},"line":4},"1":{"name":"(anonymous_1)","decl":{"start":{"line":10,"column":12},"end":{"line":10,"column":13}},"loc":{"start":{"line":10,"column":18},"end":{"line":16,"column":3}},"line":10},"2":{"name":"(anonymous_2)","decl":{"start":{"line":13,"column":14},"end":{"line":13,"column":15}},"loc":{"start":{"line":13,"column":21},"end":{"line":13,"column":31}},"line":13},"3":{"name":"(anonymous_3)","decl":{"start":{"line":14,"column":14},"end":{"line":14,"column":15}},"loc":{"start":{"line":14,"column":22},"end":{"line":14,"column":38}},"line":14},"4":{"name":"(anonymous_4)","decl":{"start":{"line":19,"column":4},"end":{"line":19,"column":5}},"loc":{"start":{"line":20,"column":6},"end":{"line":22,"column":101}},"line":20},"5":{"name":"(anonymous_5)","decl":{"start":{"line":25,"column":50},"end":{"line":25,"column":51}},"loc":{"start":{"line":25,"column":60},"end":{"line":39,"column":3}},"line":25},"6":{"name":"(anonymous_6)","decl":{"start":{"line":48,"column":18},"end":{"line":48,"column":19}},"loc":{"start":{"line":48,"column":23},"end":{"line":48,"column":48}},"line":48},"7":{"name":"(anonymous_7)","decl":{"start":{"line":53,"column":53},"end":{"line":53,"column":54}},"loc":{"start":{"line":53,"column":58},"end":{"line":53,"column":83}},"line":53},"8":{"name":"(anonymous_8)","decl":{"start":{"line":64,"column":29},"end":{"line":64,"column":30}},"loc":{"start":{"line":65,"column":12},"end":{"line":71,"column":17}},"line":65},"9":{"name":"(anonymous_9)","decl":{"start":{"line":70,"column":31},"end":{"line":70,"column":32}},"loc":{"start":{"line":70,"column":37},"end":{"line":70,"column":62}},"line":70},"10":{"name":"(anonymous_10)","decl":{"start":{"line":75,"column":53},"end":{"line":75,"column":54}},"loc":{"start":{"line":75,"column":59},"end":{"line":75,"column":82}},"line":75}},"branchMap":{"0":{"loc":{"start":{"line":5,"column":41},"end":{"line":5,"column":58}},"type":"binary-expr","locations":[{"start":{"line":5,"column":41},"end":{"line":5,"column":52}},{"start":{"line":5,"column":56},"end":{"line":5,"column":58}}],"line":5},"1":{"loc":{"start":{"line":11,"column":4},"end":{"line":15,"column":5}},"type":"if","locations":[{"start":{"line":11,"column":4},"end":{"line":15,"column":5}},{"start":{},"end":{}}],"line":11},"2":{"loc":{"start":{"line":20,"column":6},"end":{"line":22,"column":101}},"type":"binary-expr","locations":[{"start":{"line":20,"column":6},"end":{"line":20,"column":64}},{"start":{"line":21,"column":7},"end":{"line":21,"column":27}},{"start":{"line":21,"column":31},"end":{"line":21,"column":96}},{"start":{"line":22,"column":7},"end":{"line":22,"column":29}},{"start":{"line":22,"column":33},"end":{"line":22,"column":100}}],"line":20},"3":{"loc":{"start":{"line":26,"column":4},"end":{"line":26,"column":26}},"type":"if","locations":[{"start":{"line":26,"column":4},"end":{"line":26,"column":26}},{"start":{},"end":{}}],"line":26},"4":{"loc":{"start":{"line":27,"column":4},"end":{"line":29,"column":5}},"type":"if","locations":[{"start":{"line":27,"column":4},"end":{"line":29,"column":5}},{"start":{},"end":{}}],"line":27},"5":{"loc":{"start":{"line":28,"column":14},"end":{"line":28,"column":40}},"type":"binary-expr","locations":[{"start":{"line":28,"column":14},"end":{"line":28,"column":34}},{"start":{"line":28,"column":38},"end":{"line":28,"column":40}}],"line":28},"6":{"loc":{"start":{"line":28,"column":56},"end":{"line":28,"column":82}},"type":"binary-expr","locations":[{"start":{"line":28,"column":56},"end":{"line":28,"column":76}},{"start":{"line":28,"column":80},"end":{"line":28,"column":82}}],"line":28},"7":{"loc":{"start":{"line":30,"column":4},"end":{"line":32,"column":5}},"type":"if","locations":[{"start":{"line":30,"column":4},"end":{"line":32,"column":5}},{"start":{},"end":{}}],"line":30},"8":{"loc":{"start":{"line":31,"column":14},"end":{"line":31,"column":42}},"type":"binary-expr","locations":[{"start":{"line":31,"column":14},"end":{"line":31,"column":36}},{"start":{"line":31,"column":40},"end":{"line":31,"column":42}}],"line":31},"9":{"loc":{"start":{"line":31,"column":58},"end":{"line":31,"column":86}},"type":"binary-expr","locations":[{"start":{"line":31,"column":58},"end":{"line":31,"column":80}},{"start":{"line":31,"column":84},"end":{"line":31,"column":86}}],"line":31},"10":{"loc":{"start":{"line":33,"column":4},"end":{"line":37,"column":5}},"type":"if","locations":[{"start":{"line":33,"column":4},"end":{"line":37,"column":5}},{"start":{},"end":{}}],"line":33},"11":{"loc":{"start":{"line":34,"column":20},"end":{"line":34,"column":63}},"type":"binary-expr","locations":[{"start":{"line":34,"column":20},"end":{"line":34,"column":57}},{"start":{"line":34,"column":61},"end":{"line":34,"column":63}}],"line":34},"12":{"loc":{"start":{"line":35,"column":20},"end":{"line":35,"column":63}},"type":"binary-expr","locations":[{"start":{"line":35,"column":20},"end":{"line":35,"column":57}},{"start":{"line":35,"column":61},"end":{"line":35,"column":63}}],"line":35},"13":{"loc":{"start":{"line":60,"column":7},"end":{"line":74,"column":7}},"type":"cond-expr","locations":[{"start":{"line":61,"column":8},"end":{"line":61,"column":40}},{"start":{"line":63,"column":8},"end":{"line":73,"column":13}}],"line":60},"14":{"loc":{"start":{"line":65,"column":21},"end":{"line":65,"column":44}},"type":"binary-expr","locations":[{"start":{"line":65,"column":21},"end":{"line":65,"column":37}},{"start":{"line":65,"column":41},"end":{"line":65,"column":44}}],"line":65},"15":{"loc":{"start":{"line":68,"column":31},"end":{"line":68,"column":67}},"type":"binary-expr","locations":[{"start":{"line":68,"column":31},"end":{"line":68,"column":58}},{"start":{"line":68,"column":62},"end":{"line":68,"column":67}}],"line":68},"16":{"loc":{"start":{"line":69,"column":27},"end":{"line":69,"column":92}},"type":"binary-expr","locations":[{"start":{"line":69,"column":27},"end":{"line":69,"column":83}},{"start":{"line":69,"column":87},"end":{"line":69,"column":92}}],"line":69}},"s":{"0":20,"1":20,"2":20,"3":20,"4":20,"5":11,"6":3,"7":3,"8":3,"9":20,"10":18,"11":20,"12":3,"13":1,"14":2,"15":0,"16":2,"17":1,"18":1,"19":1,"20":1,"21":1,"22":0,"23":20,"24":2,"25":2,"26":17,"27":2,"28":2},"f":{"0":20,"1":11,"2":3,"3":3,"4":18,"5":3,"6":2,"7":2,"8":17,"9":2,"10":2},"b":{"0":[20,6],"1":[3,8],"2":[18,2,2,1,1],"3":[1,2],"4":[0,2],"5":[0,0],"6":[0,0],"7":[1,1],"8":[1,0],"9":[1,0],"10":[1,0],"11":[1,0],"12":[1,0],"13":[6,14],"14":[17,0],"15":[17,0],"16":[17,0]},"_coverageSchema":"1a1c01bbd47fc00a2c39e90264f33305004495a9","hash":"5030f8ab641db172d7b242e365cc1490e90f22d3"}
}
