TN:
SF:src/App.js
FN:4,App
FNF:1
FNH:1
FNDA:4,App
DA:5,4
LF:1
LH:1
BRF:0
BRH:0
end_of_record
TN:
SF:src/PromptDetail.js
FN:4,PromptDetail
FNF:1
FNH:1
FNDA:23,PromptDetail
DA:5,23
DA:6,4
DA:25,4
LF:3
LH:3
BRDA:5,0,0,19
BRDA:5,0,1,4
BRF:2
BRH:2
end_of_record
TN:
SF:src/PromptList.js
FN:4,PromptList
FN:10,(anonymous_1)
FN:13,(anonymous_2)
FN:14,(anonymous_3)
FN:19,(anonymous_4)
FN:25,(anonymous_5)
FN:48,(anonymous_6)
FN:53,(anonymous_7)
FN:64,(anonymous_8)
FN:70,(anonymous_9)
FN:75,(anonymous_10)
FNF:11
FNH:11
FNDA:20,PromptList
FNDA:11,(anonymous_1)
FNDA:3,(anonymous_2)
FNDA:3,(anonymous_3)
FNDA:18,(anonymous_4)
FNDA:3,(anonymous_5)
FNDA:2,(anonymous_6)
FNDA:2,(anonymous_7)
FNDA:17,(anonymous_8)
FNDA:2,(anonymous_9)
FNDA:2,(anonymous_10)
DA:5,20
DA:6,20
DA:7,20
DA:8,20
DA:10,20
DA:11,11
DA:12,3
DA:13,3
DA:14,3
DA:18,20
DA:20,18
DA:25,20
DA:26,3
DA:27,2
DA:28,0
DA:30,2
DA:31,1
DA:33,1
DA:34,1
DA:35,1
DA:36,1
DA:38,0
DA:41,20
DA:48,2
DA:53,2
DA:65,17
DA:70,2
DA:75,2
LF:28
LH:26
BRDA:5,0,0,20
BRDA:5,0,1,6
BRDA:11,1,0,3
BRDA:11,1,1,8
BRDA:20,2,0,18
BRDA:20,2,1,2
BRDA:20,2,2,2
BRDA:20,2,3,1
BRDA:20,2,4,1
BRDA:26,3,0,1
BRDA:26,3,1,2
BRDA:27,4,0,0
BRDA:27,4,1,2
BRDA:28,5,0,0
BRDA:28,5,1,0
BRDA:28,6,0,0
BRDA:28,6,1,0
BRDA:30,7,0,1
BRDA:30,7,1,1
BRDA:31,8,0,1
BRDA:31,8,1,0
BRDA:31,9,0,1
BRDA:31,9,1,0
BRDA:33,10,0,1
BRDA:33,10,1,0
BRDA:34,11,0,1
BRDA:34,11,1,0
BRDA:35,12,0,1
BRDA:35,12,1,0
BRDA:60,13,0,6
BRDA:60,13,1,14
BRDA:65,14,0,17
BRDA:65,14,1,0
BRDA:68,15,0,17
BRDA:68,15,1,0
BRDA:69,16,0,17
BRDA:69,16,1,0
BRF:37
BRH:24
end_of_record
